<?xml version="1.0" encoding="UTF-8"?>
<!-- Generated by org.testng.reporters.JUnitXMLReporter -->
<testsuite ignored="0" hostname="DESKTOP-E7RH1QJ" failures="0" tests="4" name="Default test" time="53.07" errors="0" timestamp="2023-11-15T17:54:52 IST">
  <testcase classname="com.sportyshoe.testpages.SportyShoePageTest" name="User_Registration" time="22.938"/>
  <testcase classname="com.sportyshoe.testpages.SportyShoePageTest" name="User_Login" time="12.824"/>
  <testcase classname="com.sportyshoe.testpages.SportyShoePageTest" name="Add_To_Cart" time="4.352"/>
  <testcase classname="com.sportyshoe.testpages.SportyShoePageTest" name="Place_Order" time="12.831"/>
</testsuite> <!-- Default test -->
